::1 - - [13/Feb/2024:19:19:05 +0300] "GET /index.php HTTP/1.1" 404 196
::1 - - [13/Feb/2024:19:19:52 +0300] "GET /index.php HTTP/1.1" 404 196
::1 - - [13/Feb/2024:19:19:55 +0300] "GET /index.php HTTP/1.1" 404 196
::1 - - [13/Feb/2024:19:20:52 +0300] "-" 408 -
::1 - - [13/Feb/2024:19:23:07 +0300] "GET /index.php HTTP/1.1" 404 196
::1 - - [13/Feb/2024:19:26:47 +0300] "GET /index.php HTTP/1.1" 404 196
::1 - - [13/Feb/2024:19:31:46 +0300] "GET /index.php HTTP/1.1" 404 196
::1 - - [13/Feb/2024:19:32:37 +0300] "GET /index.php HTTP/1.1" 404 196
::1 - - [14/Feb/2024:18:40:08 +0300] "GET /index.php HTTP/1.1" 404 196
::1 - - [14/Feb/2024:18:42:32 +0300] "GET /index.php HTTP/1.1" 200 73802
::1 - - [14/Feb/2024:18:58:59 +0300] "GET /index.php HTTP/1.1" 200 72661
::1 - - [16/Feb/2024:16:47:13 +0300] "GET /index.php HTTP/1.1" 200 427
::1 - - [16/Feb/2024:16:51:08 +0300] "GET /index.php HTTP/1.1" 200 431
::1 - - [16/Feb/2024:16:51:16 +0300] "POST /index.php HTTP/1.1" 200 431
::1 - - [22/Feb/2024:17:50:03 +0300] "POST /index.php HTTP/1.1" 200 476
::1 - - [22/Feb/2024:17:50:05 +0300] "GET /display.php%3E HTTP/1.1" 403 199
::1 - - [22/Feb/2024:17:51:30 +0300] "POST /index.php HTTP/1.1" 200 475
::1 - - [22/Feb/2024:17:51:31 +0300] "GET /display.php HTTP/1.1" 200 -
::1 - - [22/Feb/2024:17:52:06 +0300] "GET /display.php HTTP/1.1" 200 408
::1 - - [22/Feb/2024:17:53:39 +0300] "GET /display.php HTTP/1.1" 200 440
::1 - - [22/Feb/2024:17:53:40 +0300] "GET /index.html HTTP/1.1" 404 196
::1 - - [22/Feb/2024:17:53:40 +0300] "POST /display.php HTTP/1.1" 200 440
::1 - - [22/Feb/2024:17:53:42 +0300] "POST /display.php HTTP/1.1" 200 440
::1 - - [22/Feb/2024:17:54:00 +0300] "GET /index.html HTTP/1.1" 404 196
::1 - - [22/Feb/2024:17:54:00 +0300] "POST /display.php HTTP/1.1" 200 439
::1 - - [22/Feb/2024:17:54:03 +0300] "POST /display.php HTTP/1.1" 200 439
::1 - - [22/Feb/2024:17:54:05 +0300] "GET /index.php HTTP/1.1" 200 475
::1 - - [22/Feb/2024:17:54:05 +0300] "POST /display.php HTTP/1.1" 200 439
::1 - - [22/Feb/2024:17:54:06 +0300] "GET /index.php HTTP/1.1" 200 475
::1 - - [22/Feb/2024:17:54:06 +0300] "POST /display.php HTTP/1.1" 200 439
::1 - - [22/Feb/2024:17:54:07 +0300] "GET /index.php HTTP/1.1" 200 475
::1 - - [22/Feb/2024:17:54:07 +0300] "POST /display.php HTTP/1.1" 200 439
::1 - - [22/Feb/2024:17:54:08 +0300] "GET /index.php HTTP/1.1" 200 475
::1 - - [22/Feb/2024:17:54:08 +0300] "POST /display.php HTTP/1.1" 200 439
::1 - - [22/Feb/2024:17:54:10 +0300] "POST /display.php HTTP/1.1" 200 439
::1 - - [22/Feb/2024:17:54:21 +0300] "GET /display.php HTTP/1.1" 200 439
::1 - - [22/Feb/2024:17:54:24 +0300] "GET /index.php HTTP/1.1" 200 475
::1 - - [22/Feb/2024:17:54:27 +0300] "POST /index.php HTTP/1.1" 200 475
::1 - - [22/Feb/2024:17:54:29 +0300] "GET /display.php HTTP/1.1" 200 439
::1 - - [22/Feb/2024:17:54:32 +0300] "POST /display.php HTTP/1.1" 200 439
::1 - - [22/Feb/2024:17:54:33 +0300] "GET /index.php HTTP/1.1" 200 475
::1 - - [22/Feb/2024:17:54:33 +0300] "POST /display.php HTTP/1.1" 200 439
::1 - - [22/Feb/2024:17:55:12 +0300] "POST /display.php HTTP/1.1" 200 430
::1 - - [22/Feb/2024:17:55:14 +0300] "POST /display.php HTTP/1.1" 200 430
::1 - - [22/Feb/2024:17:55:15 +0300] "POST /display.php HTTP/1.1" 200 430
::1 - - [22/Feb/2024:17:55:15 +0300] "POST /display.php HTTP/1.1" 200 430
::1 - - [22/Feb/2024:17:55:15 +0300] "POST /display.php HTTP/1.1" 200 430
::1 - - [22/Feb/2024:17:55:16 +0300] "POST /display.php HTTP/1.1" 200 430
::1 - - [22/Feb/2024:17:56:04 +0300] "POST /display.php HTTP/1.1" 200 439
::1 - - [22/Feb/2024:17:56:06 +0300] "POST /display.php HTTP/1.1" 200 439
::1 - - [22/Feb/2024:17:56:06 +0300] "GET /index.php HTTP/1.1" 200 552
::1 - - [22/Feb/2024:17:56:11 +0300] "GET /display.php HTTP/1.1" 200 439
::1 - - [22/Feb/2024:17:56:11 +0300] "GET /index.php HTTP/1.1" 200 552
::1 - - [22/Feb/2024:17:56:13 +0300] "GET /index.php HTTP/1.1" 200 552
::1 - - [22/Feb/2024:17:56:15 +0300] "GET /index.php HTTP/1.1" 200 552
::1 - - [22/Feb/2024:17:56:18 +0300] "GET /display.php HTTP/1.1" 200 439
::1 - - [22/Feb/2024:17:56:18 +0300] "POST /index.php HTTP/1.1" 200 552
::1 - - [22/Feb/2024:17:56:20 +0300] "GET /display.php HTTP/1.1" 200 439
::1 - - [22/Feb/2024:17:56:20 +0300] "POST /index.php HTTP/1.1" 200 552
::1 - - [22/Feb/2024:17:57:40 +0300] "POST /index.php HTTP/1.1" 200 545
::1 - - [22/Feb/2024:17:57:41 +0300] "POST /index.php HTTP/1.1" 200 545
::1 - - [22/Feb/2024:17:57:42 +0300] "POST /index.php HTTP/1.1" 200 545
::1 - - [22/Feb/2024:18:01:25 +0300] "POST /index.php HTTP/1.1" 200 424
::1 - - [22/Feb/2024:18:01:27 +0300] "GET /display.php HTTP/1.1" 200 439
::1 - - [22/Feb/2024:18:01:34 +0300] "GET /display.php HTTP/1.1" 200 439
::1 - - [22/Feb/2024:18:01:40 +0300] "POST /index.php HTTP/1.1" 200 424
::1 - - [22/Feb/2024:18:07:47 +0300] "POST /index.php HTTP/1.1" 200 488
::1 - - [22/Feb/2024:18:07:47 +0300] "GET /css.css HTTP/1.1" 200 105
::1 - - [22/Feb/2024:18:16:38 +0300] "POST /index.php HTTP/1.1" 200 156
::1 - - [22/Feb/2024:18:17:10 +0300] "POST /index.php HTTP/1.1" 200 156
::1 - - [22/Feb/2024:18:17:30 +0300] "POST /index.php HTTP/1.1" 200 156
::1 - - [22/Feb/2024:18:17:41 +0300] "POST /index.php HTTP/1.1" 200 156
::1 - - [22/Feb/2024:18:17:56 +0300] "POST /index.php HTTP/1.1" 200 156
::1 - - [22/Feb/2024:18:57:01 +0300] "POST /index.php HTTP/1.1" 200 693
::1 - - [22/Feb/2024:18:57:01 +0300] "GET /css.css HTTP/1.1" 304 -
::1 - - [22/Feb/2024:18:57:03 +0300] "GET /display.php HTTP/1.1" 200 158
::1 - - [22/Feb/2024:19:02:03 +0300] "POST /index.php HTTP/1.1" 200 704
::1 - - [22/Feb/2024:19:02:07 +0300] "GET /display.php HTTP/1.1" 200 158
::1 - - [22/Feb/2024:19:02:12 +0300] "POST /index.php HTTP/1.1" 200 704
::1 - - [22/Feb/2024:19:02:12 +0300] "GET /css.css HTTP/1.1" 304 -
::1 - - [22/Feb/2024:19:02:32 +0300] "POST /index.php HTTP/1.1" 200 704
::1 - - [22/Feb/2024:19:03:20 +0300] "POST /index.php HTTP/1.1" 200 529
::1 - - [22/Feb/2024:19:08:59 +0300] "POST /index.php HTTP/1.1" 200 708
::1 - - [22/Feb/2024:19:08:59 +0300] "GET /css.css HTTP/1.1" 304 -
::1 - - [22/Feb/2024:19:10:00 +0300] "POST /index.php HTTP/1.1" 200 709
::1 - - [22/Feb/2024:19:10:04 +0300] "GET /display.php HTTP/1.1" 200 158
::1 - - [22/Feb/2024:19:10:08 +0300] "GET /display.php HTTP/1.1" 200 158
::1 - - [22/Feb/2024:19:10:14 +0300] "POST /index.php HTTP/1.1" 200 709
::1 - - [22/Feb/2024:19:12:14 +0300] "POST /index.php HTTP/1.1" 200 643
::1 - - [22/Feb/2024:19:12:21 +0300] "POST /index.php HTTP/1.1" 200 643
::1 - - [22/Feb/2024:19:12:58 +0300] "POST /index.php HTTP/1.1" 200 650
::1 - - [22/Feb/2024:19:15:13 +0300] "POST /index.php HTTP/1.1" 200 536
::1 - - [22/Feb/2024:19:15:20 +0300] "POST /index.php HTTP/1.1" 200 536
::1 - - [22/Feb/2024:19:15:20 +0300] "GET /css.css HTTP/1.1" 304 -
::1 - - [22/Feb/2024:19:16:25 +0300] "POST /index.php HTTP/1.1" 200 650
::1 - - [22/Feb/2024:19:17:15 +0300] "POST /index.php HTTP/1.1" 200 650
::1 - - [22/Feb/2024:19:18:48 +0300] "POST /index.php HTTP/1.1" 200 536
::1 - - [22/Feb/2024:19:19:06 +0300] "POST /index.php HTTP/1.1" 200 180
::1 - - [22/Feb/2024:19:19:19 +0300] "POST /index.php HTTP/1.1" 200 190
::1 - - [28/Feb/2024:18:38:51 +0300] "POST /index.php HTTP/1.1" 200 535
::1 - - [28/Feb/2024:18:38:51 +0300] "GET /css.css HTTP/1.1" 304 -
::1 - - [28/Feb/2024:18:38:57 +0300] "GET /display.php HTTP/1.1" 200 299
::1 - - [28/Feb/2024:18:40:19 +0300] "GET /display.php HTTP/1.1" 200 274
::1 - - [28/Feb/2024:18:41:36 +0300] "GET /display.php HTTP/1.1" 200 389
::1 - - [28/Feb/2024:18:43:39 +0300] "GET /display.php HTTP/1.1" 200 389
::1 - - [28/Feb/2024:18:43:45 +0300] "POST /index.php HTTP/1.1" 200 538
::1 - - [28/Feb/2024:18:43:46 +0300] "POST /display.php HTTP/1.1" 200 165
::1 - - [28/Feb/2024:18:48:28 +0300] "POST /display.php HTTP/1.1" 200 263
::1 - - [28/Feb/2024:18:49:44 +0300] "POST /display.php HTTP/1.1" 200 257
::1 - - [28/Feb/2024:18:50:20 +0300] "POST /display.php HTTP/1.1" 200 158
::1 - - [28/Feb/2024:18:50:24 +0300] "POST /display.php HTTP/1.1" 200 158
::1 - - [28/Feb/2024:18:50:45 +0300] "POST /display.php HTTP/1.1" 200 153
::1 - - [28/Feb/2024:19:01:05 +0300] "POST /index.php HTTP/1.1" 200 523
::1 - - [28/Feb/2024:19:01:10 +0300] "POST /index.php HTTP/1.1" 200 523
::1 - - [28/Feb/2024:19:01:51 +0300] "POST /index.php HTTP/1.1" 200 535
::1 - - [28/Feb/2024:19:02:13 +0300] "POST /index.php HTTP/1.1" 200 534
::1 - - [28/Feb/2024:19:02:36 +0300] "POST /index.php HTTP/1.1" 200 535
::1 - - [28/Feb/2024:19:02:44 +0300] "POST /display.php HTTP/1.1" 200 265
::1 - - [28/Feb/2024:19:02:50 +0300] "POST /display.php HTTP/1.1" 200 153
::1 - - [28/Feb/2024:19:02:56 +0300] "POST /index.php HTTP/1.1" 200 535
::1 - - [28/Feb/2024:19:06:28 +0300] "POST /display.php HTTP/1.1" 200 334
::1 - - [28/Feb/2024:19:08:34 +0300] "POST /display.php HTTP/1.1" 200 332
::1 - - [28/Feb/2024:19:08:38 +0300] "POST /index.php HTTP/1.1" 200 535
::1 - - [28/Feb/2024:19:08:42 +0300] "POST /display.php HTTP/1.1" 200 332
::1 - - [28/Feb/2024:19:12:02 +0300] "POST /display.php HTTP/1.1" 200 134
::1 - - [28/Feb/2024:19:12:18 +0300] "POST /index.php HTTP/1.1" 200 535
::1 - - [28/Feb/2024:19:12:22 +0300] "POST /display.php HTTP/1.1" 200 332
::1 - - [28/Feb/2024:19:12:36 +0300] "POST /index.php HTTP/1.1" 200 535
::1 - - [28/Feb/2024:19:15:15 +0300] "POST /display.php HTTP/1.1" 200 155
::1 - - [28/Feb/2024:19:16:04 +0300] "POST /display.php HTTP/1.1" 200 135
::1 - - [28/Feb/2024:19:16:23 +0300] "POST /index.php HTTP/1.1" 200 535
::1 - - [28/Feb/2024:19:16:32 +0300] "POST /display.php HTTP/1.1" 200 135
::1 - - [28/Feb/2024:19:16:37 +0300] "POST /index.php HTTP/1.1" 200 535
::1 - - [28/Feb/2024:19:18:52 +0300] "POST /display.php HTTP/1.1" 200 198
::1 - - [28/Feb/2024:19:19:02 +0300] "POST /index.php HTTP/1.1" 200 535
::1 - - [28/Feb/2024:19:19:15 +0300] "POST /display.php HTTP/1.1" 200 162
::1 - - [28/Feb/2024:19:24:48 +0300] "POST /display.php HTTP/1.1" 200 208
::1 - - [28/Feb/2024:19:25:10 +0300] "POST /display.php HTTP/1.1" 200 206
::1 - - [28/Feb/2024:19:31:28 +0300] "POST /display.php HTTP/1.1" 200 180
::1 - - [28/Feb/2024:19:32:09 +0300] "POST /display.php HTTP/1.1" 200 220
::1 - - [28/Feb/2024:19:32:27 +0300] "POST /display.php HTTP/1.1" 200 222
::1 - - [28/Feb/2024:19:32:50 +0300] "POST /display.php HTTP/1.1" 200 220
::1 - - [28/Feb/2024:19:33:00 +0300] "POST /display.php HTTP/1.1" 200 222
::1 - - [28/Feb/2024:19:33:41 +0300] "POST /display.php HTTP/1.1" 200 180
::1 - - [28/Feb/2024:19:39:02 +0300] "POST /display.php HTTP/1.1" 200 230
::1 - - [28/Feb/2024:19:39:17 +0300] "POST /display.php HTTP/1.1" 200 230
::1 - - [28/Feb/2024:19:39:28 +0300] "POST /display.php HTTP/1.1" 200 230
::1 - - [28/Feb/2024:19:40:25 +0300] "POST /display.php HTTP/1.1" 200 230
::1 - - [28/Feb/2024:19:40:38 +0300] "POST /display.php HTTP/1.1" 200 230
::1 - - [28/Feb/2024:19:40:54 +0300] "POST /display.php HTTP/1.1" 200 230
::1 - - [28/Feb/2024:19:41:40 +0300] "POST /display.php HTTP/1.1" 200 238
::1 - - [28/Feb/2024:19:44:41 +0300] "POST /display.php HTTP/1.1" 200 386
::1 - - [28/Feb/2024:19:45:07 +0300] "POST /display.php HTTP/1.1" 200 176
::1 - - [28/Feb/2024:19:45:22 +0300] "POST /display.php HTTP/1.1" 200 390
::1 - - [28/Feb/2024:19:46:51 +0300] "POST /display.php HTTP/1.1" 200 398
::1 - - [28/Feb/2024:19:47:51 +0300] "POST /display.php HTTP/1.1" 200 370
::1 - - [28/Feb/2024:19:51:25 +0300] "POST /display.php HTTP/1.1" 200 132
::1 - - [28/Feb/2024:19:51:28 +0300] "POST /display.php HTTP/1.1" 200 132
::1 - - [28/Feb/2024:19:51:54 +0300] "POST /display.php HTTP/1.1" 200 187
::1 - - [28/Feb/2024:19:52:51 +0300] "POST /display.php HTTP/1.1" 200 187
::1 - - [28/Feb/2024:19:53:52 +0300] "POST /display.php HTTP/1.1" 200 187
::1 - - [28/Feb/2024:19:54:37 +0300] "POST /display.php HTTP/1.1" 200 187
::1 - - [28/Feb/2024:19:55:06 +0300] "POST /display.php HTTP/1.1" 200 374
::1 - - [28/Feb/2024:20:05:52 +0300] "POST /display.php HTTP/1.1" 200 161
::1 - - [28/Feb/2024:20:07:15 +0300] "POST /display.php HTTP/1.1" 200 373
::1 - - [28/Feb/2024:20:07:19 +0300] "POST /display.php HTTP/1.1" 200 373
::1 - - [28/Feb/2024:20:07:23 +0300] "POST /display.php HTTP/1.1" 200 374
::1 - - [28/Feb/2024:20:07:40 +0300] "POST /display.php HTTP/1.1" 200 1306
::1 - - [28/Feb/2024:20:07:45 +0300] "POST /display.php HTTP/1.1" 200 1308
::1 - - [28/Feb/2024:20:07:55 +0300] "POST /display.php HTTP/1.1" 200 1308
::1 - - [28/Feb/2024:20:17:04 +0300] "POST /index.php HTTP/1.1" 200 725
::1 - - [28/Feb/2024:20:18:04 +0300] "POST /index.php HTTP/1.1" 200 711
::1 - - [28/Feb/2024:20:18:33 +0300] "POST /index.php HTTP/1.1" 200 715
::1 - - [28/Feb/2024:20:18:38 +0300] "POST /index.php HTTP/1.1" 200 715
::1 - - [28/Feb/2024:20:19:15 +0300] "POST /index.php HTTP/1.1" 200 712
::1 - - [28/Feb/2024:20:20:49 +0300] "POST /index.php HTTP/1.1" 200 716
::1 - - [28/Feb/2024:20:26:23 +0300] "POST /display.php HTTP/1.1" 200 134
::1 - - [28/Feb/2024:20:28:23 +0300] "POST /display.php HTTP/1.1" 200 383
::1 - - [28/Feb/2024:20:30:23 +0300] "POST /display.php HTTP/1.1" 200 300
::1 - - [28/Feb/2024:20:30:35 +0300] "POST /display.php HTTP/1.1" 200 488
::1 - - [28/Feb/2024:20:31:26 +0300] "POST /display.php HTTP/1.1" 200 488
::1 - - [28/Feb/2024:20:31:33 +0300] "POST /display.php HTTP/1.1" 200 300
::1 - - [28/Feb/2024:20:31:42 +0300] "POST /display.php HTTP/1.1" 200 330
::1 - - [28/Feb/2024:20:32:48 +0300] "POST /display.php HTTP/1.1" 200 330
::1 - - [28/Feb/2024:20:33:35 +0300] "POST /display.php HTTP/1.1" 200 330
::1 - - [28/Feb/2024:20:34:07 +0300] "POST /display.php HTTP/1.1" 200 330
::1 - - [28/Feb/2024:20:34:16 +0300] "POST /display.php HTTP/1.1" 200 330
::1 - - [28/Feb/2024:20:34:19 +0300] "POST /display.php HTTP/1.1" 200 330
::1 - - [28/Feb/2024:20:38:17 +0300] "POST /display.php HTTP/1.1" 200 184
::1 - - [28/Feb/2024:20:38:35 +0300] "POST /display.php HTTP/1.1" 200 363
::1 - - [28/Feb/2024:20:38:40 +0300] "POST /display.php HTTP/1.1" 200 521
::1 - - [28/Feb/2024:20:42:29 +0300] "POST /display.php HTTP/1.1" 200 393
::1 - - [28/Feb/2024:20:42:46 +0300] "POST /display.php HTTP/1.1" 200 391
::1 - - [28/Feb/2024:20:42:56 +0300] "POST /display.php HTTP/1.1" 200 4661
::1 - - [28/Feb/2024:20:44:42 +0300] "POST /display.php HTTP/1.1" 200 4913
::1 - - [28/Feb/2024:20:45:03 +0300] "POST /display.php HTTP/1.1" 200 8837
::1 - - [28/Feb/2024:20:45:32 +0300] "POST /display.php HTTP/1.1" 200 643
::1 - - [28/Feb/2024:20:46:05 +0300] "POST /display.php HTTP/1.1" 200 630
::1 - - [28/Feb/2024:20:46:25 +0300] "POST /display.php HTTP/1.1" 200 648
::1 - - [28/Feb/2024:20:47:17 +0300] "POST /display.php HTTP/1.1" 200 1124
::1 - - [28/Feb/2024:20:48:01 +0300] "POST /display.php HTTP/1.1" 200 1125
::1 - - [28/Feb/2024:20:48:05 +0300] "POST /display.php HTTP/1.1" 200 1127
::1 - - [28/Feb/2024:20:48:09 +0300] "POST /display.php HTTP/1.1" 200 1123
::1 - - [28/Feb/2024:20:49:08 +0300] "POST /display.php HTTP/1.1" 200 1125
::1 - - [28/Feb/2024:20:49:12 +0300] "POST /display.php HTTP/1.1" 200 1124
